Importer Log Report
Project : YL-LPC4350-CORE-V1.0 .PrjPcb

Section : Document - E:\ARM\NXP\LPC43xx\YL-LPC4357用户光盘（v1.0）\原理图\Orcad\YL-LPC4350-CORE-V1.0 .DSN

    Section : Importing Sheet - 9) Connector.SchDoc
        Warning : Off-Page Connector of type INPUT RIGHT at (38.1mm,248.92mm) is not recognised
        Warning : Off-Page Connector of type INPUT RIGHT at (38.1mm,246.38mm) is not recognised
        Warning : Off-Page Connector of type INPUT RIGHT at (38.1mm,243.84mm) is not recognised
        Warning : Off-Page Connector of type INPUT RIGHT at (38.1mm,241.3mm) is not recognised
        Warning : Off-Page Connector of type INPUT RIGHT at (38.1mm,238.76mm) is not recognised
        Warning : Off-Page Connector of type INPUT RIGHT at (38.1mm,236.22mm) is not recognised
        Warning : Off-Page Connector of type INPUT RIGHT at (38.1mm,233.68mm) is not recognised
        Warning : Off-Page Connector of type INPUT RIGHT at (38.1mm,231.14mm) is not recognised
        Warning : Off-Page Connector of type INPUT RIGHT at (38.1mm,228.6mm) is not recognised
        Warning : Off-Page Connector of type INPUT RIGHT at (38.1mm,226.06mm) is not recognised
        Warning : Off-Page Connector of type INPUT RIGHT at (38.1mm,223.52mm) is not recognised
        Warning : Off-Page Connector of type INPUT RIGHT at (38.1mm,220.98mm) is not recognised
        Warning : Off-Page Connector of type INPUT LEFT at (154.94mm,248.92mm) is not recognised
        Warning : Off-Page Connector of type INPUT LEFT at (154.94mm,246.38mm) is not recognised
        Warning : Off-Page Connector of type INPUT LEFT at (154.94mm,243.84mm) is not recognised
        Warning : Off-Page Connector of type INPUT LEFT at (154.94mm,241.3mm) is not recognised
        Warning : Off-Page Connector of type INPUT LEFT at (154.94mm,238.76mm) is not recognised
        Warning : Off-Page Connector of type INPUT LEFT at (154.94mm,236.22mm) is not recognised
        Warning : Off-Page Connector of type INPUT LEFT at (154.94mm,233.68mm) is not recognised
        Warning : Off-Page Connector of type INPUT LEFT at (154.94mm,231.14mm) is not recognised
        Warning : Off-Page Connector of type INPUT LEFT at (154.94mm,228.6mm) is not recognised
        Warning : Off-Page Connector of type INPUT LEFT at (154.94mm,226.06mm) is not recognised
        Warning : Off-Page Connector of type INPUT LEFT at (154.94mm,223.52mm) is not recognised
        Warning : Off-Page Connector of type INPUT LEFT at (154.94mm,220.98mm) is not recognised
        Warning : Off-Page Connector of type INPUT RIGHT at (38.1mm,218.44mm) is not recognised
        Warning : Off-Page Connector of type INPUT RIGHT at (38.1mm,215.9mm) is not recognised
        Warning : Off-Page Connector of type INPUT RIGHT at (38.1mm,213.36mm) is not recognised
        Warning : Off-Page Connector of type INPUT RIGHT at (38.1mm,210.82mm) is not recognised
        Warning : Off-Page Connector of type INPUT RIGHT at (38.1mm,208.28mm) is not recognised
        Warning : Off-Page Connector of type INPUT RIGHT at (38.1mm,205.74mm) is not recognised
        Warning : Off-Page Connector of type INPUT LEFT at (154.94mm,215.9mm) is not recognised
        Warning : Off-Page Connector of type INPUT LEFT at (154.94mm,213.36mm) is not recognised
        Warning : Off-Page Connector of type INPUT LEFT at (154.94mm,208.28mm) is not recognised
        Warning : Off-Page Connector of type OUTPUT LEFT at (154.94mm,210.82mm) is not recognised
        Warning : Off-Page Connector of type INPUT LEFT at (154.94mm,205.74mm) is not recognised
        Warning : Off-Page Connector of type INPUT LEFT at (154.94mm,203.2mm) is not recognised
        Warning : Off-Page Connector of type I/O RIGHT at (248.92mm,248.92mm) is not recognised
        Warning : Off-Page Connector of type I/O RIGHT at (248.92mm,246.38mm) is not recognised
        Warning : Off-Page Connector of type I/O RIGHT at (248.92mm,243.84mm) is not recognised
        Warning : Off-Page Connector of type I/O RIGHT at (248.92mm,241.3mm) is not recognised
        Warning : Off-Page Connector of type I/O RIGHT at (248.92mm,238.76mm) is not recognised
        Warning : Off-Page Connector of type I/O RIGHT at (248.92mm,236.22mm) is not recognised
        Warning : Off-Page Connector of type I/O RIGHT at (248.92mm,233.68mm) is not recognised
        Warning : Off-Page Connector of type I/O RIGHT at (248.92mm,231.14mm) is not recognised
        Warning : Off-Page Connector of type I/O RIGHT at (248.92mm,228.6mm) is not recognised
        Warning : Off-Page Connector of type I/O RIGHT at (248.92mm,226.06mm) is not recognised
        Warning : Off-Page Connector of type I/O RIGHT at (248.92mm,223.52mm) is not recognised
        Warning : Off-Page Connector of type I/O RIGHT at (248.92mm,220.98mm) is not recognised
        Warning : Off-Page Connector of type I/O RIGHT at (248.92mm,218.44mm) is not recognised
        Warning : Off-Page Connector of type I/O RIGHT at (248.92mm,215.9mm) is not recognised
        Warning : Off-Page Connector of type I/O RIGHT at (248.92mm,213.36mm) is not recognised
        Warning : Off-Page Connector of type I/O RIGHT at (248.92mm,210.82mm) is not recognised
        Warning : Off-Page Connector of type I/O RIGHT at (375.92mm,215.9mm) is not recognised
        Warning : Off-Page Connector of type I/O RIGHT at (375.92mm,228.6mm) is not recognised
        Warning : Off-Page Connector of type I/O RIGHT at (375.92mm,210.82mm) is not recognised
        Warning : Off-Page Connector of type I/O RIGHT at (375.92mm,243.84mm) is not recognised
        Warning : Off-Page Connector of type I/O RIGHT at (375.92mm,213.36mm) is not recognised
        Warning : Off-Page Connector of type I/O RIGHT at (375.92mm,233.68mm) is not recognised
        Warning : Off-Page Connector of type I/O RIGHT at (375.92mm,248.92mm) is not recognised
        Warning : Off-Page Connector of type I/O RIGHT at (375.92mm,218.44mm) is not recognised
        Warning : Off-Page Connector of type I/O RIGHT at (375.92mm,238.76mm) is not recognised
        Warning : Off-Page Connector of type I/O RIGHT at (375.92mm,223.52mm) is not recognised
        Warning : Off-Page Connector of type I/O RIGHT at (375.92mm,231.14mm) is not recognised
        Warning : Off-Page Connector of type I/O RIGHT at (375.92mm,236.22mm) is not recognised
        Warning : Off-Page Connector of type I/O RIGHT at (375.92mm,220.98mm) is not recognised
        Warning : Off-Page Connector of type I/O RIGHT at (375.92mm,246.38mm) is not recognised
        Warning : Off-Page Connector of type I/O RIGHT at (375.92mm,241.3mm) is not recognised
        Warning : Off-Page Connector of type I/O RIGHT at (375.92mm,226.06mm) is not recognised
        Warning : Off-Page Connector of type INPUT RIGHT at (248.92mm,205.74mm) is not recognised
        Warning : Off-Page Connector of type INPUT RIGHT at (248.92mm,203.2mm) is not recognised
        Warning : Off-Page Connector of type INPUT RIGHT at (248.92mm,200.66mm) is not recognised
        Warning : Off-Page Connector of type INPUT RIGHT at (248.92mm,198.12mm) is not recognised
        Warning : Off-Page Connector of type INPUT RIGHT at (248.92mm,195.58mm) is not recognised
        Warning : Off-Page Connector of type INPUT RIGHT at (248.92mm,193.04mm) is not recognised
        Warning : Off-Page Connector of type INPUT RIGHT at (248.92mm,190.5mm) is not recognised
        Warning : Off-Page Connector of type INPUT RIGHT at (248.92mm,187.96mm) is not recognised
        Warning : Off-Page Connector of type INPUT LEFT at (375.92mm,205.74mm) is not recognised
        Warning : Off-Page Connector of type INPUT LEFT at (375.92mm,203.2mm) is not recognised
        Warning : Off-Page Connector of type INPUT LEFT at (375.92mm,200.66mm) is not recognised
        Warning : Off-Page Connector of type INPUT LEFT at (375.92mm,198.12mm) is not recognised
        Warning : Off-Page Connector of type INPUT LEFT at (375.92mm,195.58mm) is not recognised
        Warning : Off-Page Connector of type INPUT LEFT at (375.92mm,193.04mm) is not recognised
        Warning : Off-Page Connector of type INPUT LEFT at (375.92mm,190.5mm) is not recognised
        Warning : Off-Page Connector of type INPUT LEFT at (375.92mm,187.96mm) is not recognised
        Warning : Off-Page Connector of type INPUT RIGHT at (38.1mm,195.58mm) is not recognised
        Warning : Off-Page Connector of type INPUT RIGHT at (38.1mm,198.12mm) is not recognised
        Warning : Off-Page Connector of type INPUT RIGHT at (38.1mm,200.66mm) is not recognised
        Warning : Off-Page Connector of type INPUT RIGHT at (38.1mm,203.2mm) is not recognised
        Warning : Off-Page Connector of type INPUT RIGHT at (38.1mm,190.5mm) is not recognised
        Warning : Off-Page Connector of type INPUT RIGHT at (38.1mm,193.04mm) is not recognised
        Warning : Off-Page Connector of type INPUT RIGHT at (38.1mm,187.96mm) is not recognised
        Warning : Off-Page Connector of type INPUT LEFT at (154.94mm,200.66mm) is not recognised
        Warning : Off-Page Connector of type INPUT LEFT at (154.94mm,198.12mm) is not recognised
        Warning : Off-Page Connector of type INPUT LEFT at (154.94mm,195.58mm) is not recognised
        Warning : Off-Page Connector of type INPUT LEFT at (154.94mm,187.96mm) is not recognised
        Warning : Off-Page Connector of type OUTPUT LEFT at (154.94mm,190.5mm) is not recognised
        Warning : Off-Page Connector of type I/O RIGHT at (38.1mm,121.92mm) is not recognised
        Warning : Off-Page Connector of type I/O RIGHT at (38.1mm,127mm) is not recognised
        Warning : Off-Page Connector of type I/O RIGHT at (38.1mm,116.84mm) is not recognised
        Warning : Off-Page Connector of type INPUT RIGHT at (38.1mm,114.3mm) is not recognised
        Warning : Off-Page Connector of type OUTPUT RIGHT at (38.1mm,119.38mm) is not recognised
        Warning : Off-Page Connector of type I/O RIGHT at (38.1mm,129.54mm) is not recognised
        Warning : Off-Page Connector of type I/O RIGHT at (38.1mm,124.46mm) is not recognised
        Warning : Off-Page Connector of type INPUT RIGHT at (248.92mm,109.22mm) is not recognised
        Warning : Off-Page Connector of type OUTPUT RIGHT at (248.92mm,111.76mm) is not recognised
        Warning : Off-Page Connector of type INPUT RIGHT at (248.92mm,127mm) is not recognised
        Warning : Off-Page Connector of type OUTPUT RIGHT at (248.92mm,121.92mm) is not recognised
        Warning : Off-Page Connector of type INPUT RIGHT at (248.92mm,119.38mm) is not recognised
        Warning : Off-Page Connector of type OUTPUT RIGHT at (248.92mm,129.54mm) is not recognised
        Warning : Off-Page Connector of type OUTPUT RIGHT at (248.92mm,124.46mm) is not recognised
        Warning : Off-Page Connector of type INPUT RIGHT at (375.92mm,111.76mm) is not recognised
        Warning : Off-Page Connector of type INPUT RIGHT at (375.92mm,109.22mm) is not recognised
        Warning : Off-Page Connector of type I/O RIGHT at (375.92mm,127mm) is not recognised
        Warning : Off-Page Connector of type I/O RIGHT at (375.92mm,129.54mm) is not recognised
        Warning : Off-Page Connector of type OUTPUT RIGHT at (375.92mm,116.84mm) is not recognised
        Warning : Off-Page Connector of type OUTPUT RIGHT at (375.92mm,121.92mm) is not recognised
        Warning : Off-Page Connector of type OUTPUT RIGHT at (375.92mm,124.46mm) is not recognised
        Warning : Off-Page Connector of type OUTPUT RIGHT at (375.92mm,119.38mm) is not recognised
        Warning : Off-Page Connector of type INPUT RIGHT at (375.92mm,114.3mm) is not recognised
        Warning : Off-Page Connector of type OUTPUT RIGHT at (248.92mm,104.14mm) is not recognised
        Warning : Off-Page Connector of type I/O RIGHT at (248.92mm,96.52mm) is not recognised
        Warning : Off-Page Connector of type INPUT RIGHT at (248.92mm,83.82mm) is not recognised
        Warning : Off-Page Connector of type OUTPUT RIGHT at (248.92mm,88.9mm) is not recognised
        Warning : Off-Page Connector of type I/O RIGHT at (248.92mm,93.98mm) is not recognised
        Warning : Off-Page Connector of type INPUT RIGHT at (248.92mm,101.6mm) is not recognised
        Warning : Off-Page Connector of type INPUT RIGHT at (248.92mm,86.36mm) is not recognised
        Warning : Off-Page Connector of type INPUT RIGHT at (248.92mm,99.06mm) is not recognised
        Warning : Off-Page Connector of type INPUT RIGHT at (38.1mm,111.76mm) is not recognised
        Warning : Off-Page Connector of type INPUT RIGHT at (38.1mm,96.52mm) is not recognised
        Warning : Off-Page Connector of type INPUT RIGHT at (38.1mm,104.14mm) is not recognised
        Warning : Off-Page Connector of type INPUT RIGHT at (38.1mm,99.06mm) is not recognised
        Warning : Off-Page Connector of type INPUT RIGHT at (38.1mm,88.9mm) is not recognised
        Warning : Off-Page Connector of type INPUT RIGHT at (38.1mm,101.6mm) is not recognised
        Warning : Off-Page Connector of type INPUT RIGHT at (38.1mm,91.44mm) is not recognised
        Warning : Off-Page Connector of type INPUT RIGHT at (38.1mm,93.98mm) is not recognised
        Warning : Off-Page Connector of type INPUT RIGHT at (38.1mm,76.2mm) is not recognised
        Warning : Off-Page Connector of type INPUT RIGHT at (38.1mm,81.28mm) is not recognised
        Warning : Off-Page Connector of type INPUT RIGHT at (38.1mm,83.82mm) is not recognised
        Warning : Off-Page Connector of type INPUT RIGHT at (38.1mm,78.74mm) is not recognised
        Warning : Off-Page Connector of type INPUT LEFT at (375.92mm,106.68mm) is not recognised
        Warning : Off-Page Connector of type INPUT LEFT at (375.92mm,104.14mm) is not recognised
        Warning : Off-Page Connector of type INPUT LEFT at (375.92mm,101.6mm) is not recognised
        Warning : Off-Page Connector of type INPUT LEFT at (375.92mm,99.06mm) is not recognised
        Warning : Off-Page Connector of type INPUT LEFT at (375.92mm,96.52mm) is not recognised
        Warning : Off-Page Connector of type INPUT LEFT at (154.94mm,129.54mm) is not recognised
        Warning : Off-Page Connector of type INPUT LEFT at (154.94mm,124.46mm) is not recognised
        Warning : Off-Page Connector of type INPUT LEFT at (154.94mm,121.92mm) is not recognised
        Warning : Off-Page Connector of type INPUT LEFT at (154.94mm,119.38mm) is not recognised
        Warning : Off-Page Connector of type INPUT LEFT at (154.94mm,116.84mm) is not recognised
        Warning : Off-Page Connector of type INPUT LEFT at (154.94mm,114.3mm) is not recognised
        Warning : Off-Page Connector of type INPUT LEFT at (154.94mm,111.76mm) is not recognised
        Warning : Off-Page Connector of type INPUT LEFT at (154.94mm,109.22mm) is not recognised
        Warning : Off-Page Connector of type INPUT LEFT at (154.94mm,106.68mm) is not recognised
        Warning : Off-Page Connector of type INPUT LEFT at (154.94mm,104.14mm) is not recognised
        Warning : Off-Page Connector of type INPUT LEFT at (154.94mm,101.6mm) is not recognised
        Warning : Off-Page Connector of type INPUT LEFT at (154.94mm,99.06mm) is not recognised
        Warning : Off-Page Connector of type INPUT LEFT at (154.94mm,96.52mm) is not recognised
        Warning : Off-Page Connector of type INPUT LEFT at (154.94mm,93.98mm) is not recognised
        Warning : Off-Page Connector of type INPUT LEFT at (154.94mm,91.44mm) is not recognised
        Warning : Off-Page Connector of type INPUT LEFT at (154.94mm,88.9mm) is not recognised
        Warning : Off-Page Connector of type INPUT LEFT at (154.94mm,86.36mm) is not recognised
        Warning : Off-Page Connector of type INPUT LEFT at (154.94mm,83.82mm) is not recognised
        Warning : Off-Page Connector of type INPUT LEFT at (154.94mm,81.28mm) is not recognised
        Warning : Off-Page Connector of type INPUT LEFT at (154.94mm,78.74mm) is not recognised
        Warning : Off-Page Connector of type INPUT LEFT at (154.94mm,127mm) is not recognised
        Warning : Off-Page Connector of type INPUT RIGHT at (38.1mm,73.66mm) is not recognised
        Warning : Off-Page Connector of type INPUT LEFT at (154.94mm,76.2mm) is not recognised
        Warning : Off-Page Connector of type INPUT LEFT at (154.94mm,73.66mm) is not recognised
        Warning : Off-Page Connector of type INPUT RIGHT at (38.1mm,106.68mm) is not recognised
        Warning : Off-Page Connector of type OUTPUT RIGHT at (248.92mm,106.68mm) is not recognised
        Warning : Off-Page Connector of type OUTPUT LEFT at (375.92mm,88.9mm) is not recognised
        Warning : Off-Page Connector of type OUTPUT LEFT at (375.92mm,91.44mm) is not recognised
        Warning : Off-Page Connector of type OUTPUT LEFT at (375.92mm,86.36mm) is not recognised
        Warning : Off-Page Connector of type OUTPUT LEFT at (375.92mm,83.82mm) is not recognised
        Warning : Off-Page Connector of type OUTPUT LEFT at (375.92mm,81.28mm) is not recognised
        Warning : Off-Page Connector of type INPUT LEFT at (375.92mm,78.74mm) is not recognised
        Warning : Off-Page Connector of type INPUT LEFT at (375.92mm,76.2mm) is not recognised
        Warning : Off-Page Connector of type INPUT RIGHT at (38.1mm,71.12mm) is not recognised
        Warning : Off-Page Connector of type INPUT RIGHT at (38.1mm,68.58mm) is not recognised
        Warning : Off-Page Connector of type INPUT RIGHT at (38.1mm,109.22mm) is not recognised
        Warning : Off-Page Connector of type INPUT RIGHT at (248.92mm,73.66mm) is not recognised
        Warning : Off-Page Connector of type INPUT RIGHT at (248.92mm,71.12mm) is not recognised
        Warning : Off-Page Connector of type I/O RIGHT at (375.92mm,73.66mm) is not recognised
        Warning : Off-Page Connector of type I/O RIGHT at (375.92mm,71.12mm) is not recognised
        Warning : Off-Page Connector of type OUTPUT LEFT at (375.92mm,68.58mm) is not recognised
        Warning : Off-Page Connector of type INPUT RIGHT at (248.92mm,68.58mm) is not recognised
        Warning : Off-Page Connector of type INPUT LEFT at (154.94mm,218.44mm) is not recognised
        Warning : Off-Page Connector of type I/O RIGHT at (248.92mm,114.3mm) is not recognised
        Warning : Off-Page Connector of type I/O RIGHT at (248.92mm,116.84mm) is not recognised
        Warning : Off-Page Connector of type INPUT RIGHT at (248.92mm,78.74mm) is not recognised
        Warning : Off-Page Connector of type INPUT RIGHT at (248.92mm,76.2mm) is not recognised
        Warning : Off-Page Connector of type OUTPUT RIGHT at (248.92mm,81.28mm) is not recognised
        Warning : Junction at (127mm,68.58mm) has been removed. It will be automatically calculated.
    EndSection

    Section : Importing Sheet - 8) Power Supply,Config.SchDoc
        Warning : Off-Page Connector of type OUTPUT LEFT at (238.76mm,78.74mm) is not recognised
        Warning : Off-Page Connector of type OUTPUT LEFT at (238.76mm,137.16mm) is not recognised
        Warning : Off-Page Connector of type OUTPUT LEFT at (238.76mm,45.72mm) is not recognised
        Warning : Off-Page Connector of type OUTPUT LEFT at (238.76mm,104.14mm) is not recognised
        Warning : Off-Page Connector of type INPUT RIGHT at (60.96mm,91.44mm) is not recognised
        Warning : Junction at (228.6mm,243.84mm) has been added.
        Warning : Junction at (147.32mm,91.44mm) has been added.
        Warning : Junction at (185.42mm,208.28mm) has been added.
        Warning : Junction at (160.02mm,243.84mm) has been removed. It will be automatically calculated.
        Warning : Junction at (208.28mm,208.28mm) has been removed. It will be automatically calculated.
        Warning : Junction at (228.6mm,208.28mm) has been removed. It will be automatically calculated.
        Warning : Junction at (208.28mm,243.84mm) has been removed. It will be automatically calculated.
        Warning : Junction at (139.7mm,243.84mm) has been removed. It will be automatically calculated.
        Warning : Junction at (193.04mm,78.74mm) has been removed. It will be automatically calculated.
        Warning : Junction at (215.9mm,137.16mm) has been removed. It will be automatically calculated.
        Warning : Junction at (215.9mm,78.74mm) has been removed. It will be automatically calculated.
        Warning : Junction at (215.9mm,104.14mm) has been removed. It will be automatically calculated.
        Warning : Junction at (208.28mm,208.28mm) has been removed. It will be automatically calculated.
        Warning : Junction at (76.2mm,106.68mm) has been removed. It will be automatically calculated.
        Warning : Junction at (76.2mm,83.82mm) has been removed. It will be automatically calculated.
        Warning : Junction at (203.2mm,243.84mm) has been removed. It will be automatically calculated.
        Warning : Junction at (160.02mm,208.28mm) has been removed. It will be automatically calculated.
        Warning : Junction at (248.92mm,243.84mm) has been removed. It will be automatically calculated.
        Warning : Junction at (66.04mm,91.44mm) has been removed. It will be automatically calculated.
    EndSection

    Section : Importing Sheet - 7) EMAC.SchDoc
        Warning : Off-Page Connector of type OUTPUT RIGHT at (68.58mm,175.26mm) is not recognised
        Warning : Off-Page Connector of type INPUT RIGHT at (68.58mm,134.62mm) is not recognised
        Warning : Off-Page Connector of type OUTPUT RIGHT at (68.58mm,167.64mm) is not recognised
        Warning : Off-Page Connector of type INPUT RIGHT at (68.58mm,157.48mm) is not recognised
        Warning : Off-Page Connector of type INPUT RIGHT at (68.58mm,182.88mm) is not recognised
        Warning : Off-Page Connector of type OUTPUT RIGHT at (68.58mm,165.1mm) is not recognised
        Warning : Off-Page Connector of type I/O RIGHT at (68.58mm,185.42mm) is not recognised
        Warning : Off-Page Connector of type OUTPUT RIGHT at (68.58mm,142.24mm) is not recognised
        Warning : Off-Page Connector of type INPUT RIGHT at (68.58mm,154.94mm) is not recognised
        Warning : Off-Page Connector of type OUTPUT RIGHT at (68.58mm,172.72mm) is not recognised
        Warning : Off-Page Connector of type INPUT RIGHT at (68.58mm,152.4mm) is not recognised
        Warning : Off-Page Connector of type OUTPUT LEFT at (353.06mm,139.7mm) is not recognised
        Warning : Off-Page Connector of type OUTPUT LEFT at (353.06mm,137.16mm) is not recognised
        Warning : Off-Page Connector of type OUTPUT LEFT at (353.06mm,187.96mm) is not recognised
        Warning : Off-Page Connector of type OUTPUT LEFT at (353.06mm,177.8mm) is not recognised
        Warning : Off-Page Connector of type INPUT LEFT at (353.06mm,162.56mm) is not recognised
        Warning : Off-Page Connector of type INPUT LEFT at (353.06mm,152.4mm) is not recognised
        Warning : Off-Page Connector of type OUTPUT LEFT at (353.06mm,218.44mm) is not recognised
        Warning : Junction at (154.94mm,218.44mm) has been added.
        Warning : Junction at (284.48mm,63.5mm) has been added.
        Warning : Junction at (132.08mm,99.06mm) has been added.
        Warning : Junction at (312.42mm,218.44mm) has been removed. It will be automatically calculated.
        Warning : Junction at (200.66mm,254mm) has been removed. It will be automatically calculated.
        Warning : Junction at (190.5mm,63.5mm) has been removed. It will be automatically calculated.
        Warning : Junction at (144.78mm,218.44mm) has been removed. It will be automatically calculated.
        Warning : Junction at (254mm,63.5mm) has been removed. It will be automatically calculated.
        Warning : Junction at (144.78mm,175.26mm) has been removed. It will be automatically calculated.
        Warning : Junction at (200.66mm,266.7mm) has been removed. It will be automatically calculated.
        Warning : Junction at (154.94mm,266.7mm) has been removed. It will be automatically calculated.
        Warning : Junction at (134.62mm,172.72mm) has been removed. It will be automatically calculated.
        Warning : Junction at (111.76mm,167.64mm) has been removed. It will be automatically calculated.
        Warning : Junction at (281.94mm,218.44mm) has been removed. It will be automatically calculated.
        Warning : Junction at (142.24mm,124.46mm) has been removed. It will be automatically calculated.
        Warning : Junction at (170.18mm,266.7mm) has been removed. It will be automatically calculated.
        Warning : Junction at (175.26mm,63.5mm) has been removed. It will be automatically calculated.
        Warning : Junction at (144.78mm,218.44mm) has been removed. It will be automatically calculated.
        Warning : Junction at (142.24mm,111.76mm) has been removed. It will be automatically calculated.
        Warning : Junction at (124.46mm,218.44mm) has been removed. It will be automatically calculated.
        Warning : Junction at (266.7mm,187.96mm) has been removed. It will be automatically calculated.
        Warning : Junction at (281.94mm,177.8mm) has been removed. It will be automatically calculated.
        Warning : Junction at (203.2mm,243.84mm) has been removed. It will be automatically calculated.
        Warning : Junction at (251.46mm,266.7mm) has been removed. It will be automatically calculated.
        Warning : Junction at (129.54mm,99.06mm) has been removed. It will be automatically calculated.
        Warning : Junction at (160.02mm,165.1mm) has been removed. It will be automatically calculated.
        Warning : Junction at (154.94mm,185.42mm) has been removed. It will be automatically calculated.
        Warning : Junction at (254mm,45.72mm) has been removed. It will be automatically calculated.
        Warning : Junction at (297.18mm,218.44mm) has been removed. It will be automatically calculated.
        Warning : Junction at (269.24mm,45.72mm) has been removed. It will be automatically calculated.
        Warning : Junction at (233.68mm,218.44mm) has been removed. It will be automatically calculated.
        Warning : Junction at (203.2mm,266.7mm) has been removed. It will be automatically calculated.
        Warning : Junction at (119.38mm,124.46mm) has been removed. It will be automatically calculated.
        Warning : Junction at (119.38mm,111.76mm) has been removed. It will be automatically calculated.
        Warning : Junction at (170.18mm,218.44mm) has been removed. It will be automatically calculated.
        Warning : Junction at (284.48mm,30.48mm) has been removed. It will be automatically calculated.
        Warning : Junction at (289.56mm,218.44mm) has been removed. It will be automatically calculated.
        Warning : Junction at (124.46mm,142.24mm) has been removed. It will be automatically calculated.
        Warning : Junction at (312.42mm,152.4mm) has been removed. It will be automatically calculated.
        Warning : Junction at (134.62mm,218.44mm) has been removed. It will be automatically calculated.
        Warning : Junction at (269.24mm,63.5mm) has been removed. It will be automatically calculated.
        Warning : Junction at (297.18mm,162.56mm) has been removed. It will be automatically calculated.
        Warning : Junction at (281.94mm,139.7mm) has been removed. It will be automatically calculated.
        Warning : Junction at (266.7mm,137.16mm) has been removed. It will be automatically calculated.
        Warning : Junction at (233.68mm,208.28mm) has been removed. It will be automatically calculated.
        Warning : Junction at (302.26mm,63.5mm) has been removed. It will be automatically calculated.
    EndSection

    Section : Importing Sheet - 6) Nand Flash,NOR Flash.SchDoc
        Warning : Off-Page Connector of type INPUT RIGHT at (134.62mm,198.12mm) is not recognised
        Warning : Off-Page Connector of type INPUT RIGHT at (134.62mm,193.04mm) is not recognised
        Warning : Off-Page Connector of type I/O RIGHT at (134.62mm,274.32mm) is not recognised
        Warning : Off-Page Connector of type INPUT RIGHT at (134.62mm,266.7mm) is not recognised
        Warning : Off-Page Connector of type INPUT RIGHT at (134.62mm,190.5mm) is not recognised
        Warning : Off-Page Connector of type INPUT RIGHT at (134.62mm,195.58mm) is not recognised
        Warning : Off-Page Connector of type I/O RIGHT at (78.74mm,132.08mm) is not recognised
        Warning : Off-Page Connector of type OUTPUT RIGHT at (78.74mm,96.52mm) is not recognised
        Warning : Off-Page Connector of type INPUT RIGHT at (78.74mm,81.28mm) is not recognised
        Warning : Off-Page Connector of type INPUT RIGHT at (78.74mm,68.58mm) is not recognised
        Warning : Off-Page Connector of type INPUT RIGHT at (78.74mm,93.98mm) is not recognised
        Warning : Off-Page Connector of type INPUT RIGHT at (78.74mm,91.44mm) is not recognised
        Warning : Off-Page Connector of type INPUT RIGHT at (304.8mm,109.22mm) is not recognised
        Warning : Off-Page Connector of type I/O RIGHT at (304.8mm,91.44mm) is not recognised
        Warning : Off-Page Connector of type I/O RIGHT at (304.8mm,93.98mm) is not recognised
        Warning : Off-Page Connector of type INPUT RIGHT at (304.8mm,104.14mm) is not recognised
        Warning : Off-Page Connector of type OUTPUT RIGHT at (304.8mm,101.6mm) is not recognised
        Warning : Off-Page Connector of type INPUT RIGHT at (304.8mm,106.68mm) is not recognised
        Warning : Junction at (144.78mm,205.74mm) has been removed. It will be automatically calculated.
        Warning : Junction at (259.08mm,200.66mm) has been removed. It will be automatically calculated.
        Warning : Junction at (144.78mm,203.2mm) has been removed. It will be automatically calculated.
        Warning : Junction at (144.78mm,220.98mm) has been removed. It will be automatically calculated.
        Warning : Junction at (271.78mm,200.66mm) has been removed. It will be automatically calculated.
        Warning : Junction at (144.78mm,218.44mm) has been removed. It will be automatically calculated.
        Warning : Junction at (259.08mm,205.74mm) has been removed. It will be automatically calculated.
        Warning : Junction at (284.48mm,200.66mm) has been removed. It will be automatically calculated.
        Warning : Junction at (259.08mm,200.66mm) has been removed. It will be automatically calculated.
        Warning : Junction at (144.78mm,215.9mm) has been removed. It will be automatically calculated.
        Warning : Junction at (259.08mm,190.5mm) has been removed. It will be automatically calculated.
        Warning : Junction at (144.78mm,213.36mm) has been removed. It will be automatically calculated.
        Warning : Junction at (190.5mm,195.58mm) has been removed. It will be automatically calculated.
        Warning : Junction at (144.78mm,208.28mm) has been removed. It will be automatically calculated.
        Warning : Junction at (144.78mm,210.82mm) has been removed. It will be automatically calculated.
        Warning : Junction at (203.2mm,99.06mm) has been removed. It will be automatically calculated.
        Warning : Junction at (83.82mm,91.44mm) has been removed. It will be automatically calculated.
        Warning : Junction at (93.98mm,119.38mm) has been removed. It will be automatically calculated.
        Warning : Junction at (93.98mm,96.52mm) has been removed. It will be automatically calculated.
        Warning : Junction at (353.06mm,109.22mm) has been removed. It will be automatically calculated.
        Warning : Junction at (353.06mm,91.44mm) has been removed. It will be automatically calculated.
    EndSection

    Section : Importing Sheet - 5) 64MB SDRAM.SchDoc
        Warning : Off-Page Connector of type INPUT RIGHT at (76.2mm,99.06mm) is not recognised
        Warning : Off-Page Connector of type INPUT RIGHT at (76.2mm,152.4mm) is not recognised
        Warning : Off-Page Connector of type INPUT RIGHT at (76.2mm,142.24mm) is not recognised
        Warning : Off-Page Connector of type INPUT RIGHT at (76.2mm,96.52mm) is not recognised
        Warning : Off-Page Connector of type INPUT RIGHT at (243.84mm,149.86mm) is not recognised
        Warning : Off-Page Connector of type INPUT RIGHT at (76.2mm,205.74mm) is not recognised
        Warning : Off-Page Connector of type INPUT RIGHT at (243.84mm,152.4mm) is not recognised
        Warning : Off-Page Connector of type INPUT RIGHT at (76.2mm,93.98mm) is not recognised
        Warning : Off-Page Connector of type INPUT RIGHT at (76.2mm,144.78mm) is not recognised
        Warning : Off-Page Connector of type INPUT RIGHT at (76.2mm,101.6mm) is not recognised
        Warning : Off-Page Connector of type INPUT RIGHT at (76.2mm,149.86mm) is not recognised
        Warning : Off-Page Connector of type I/O RIGHT at (76.2mm,213.36mm) is not recognised
        Warning : Junction at (322.58mm,137.16mm) has been removed. It will be automatically calculated.
        Warning : Junction at (162.56mm,129.54mm) has been removed. It will be automatically calculated.
        Warning : Junction at (322.58mm,127mm) has been removed. It will be automatically calculated.
        Warning : Junction at (177.8mm,213.36mm) has been removed. It will be automatically calculated.
        Warning : Junction at (208.28mm,132.08mm) has been removed. It will be automatically calculated.
        Warning : Junction at (220.98mm,132.08mm) has been removed. It will be automatically calculated.
        Warning : Junction at (322.58mm,121.92mm) has been removed. It will be automatically calculated.
        Warning : Junction at (322.58mm,129.54mm) has been removed. It will be automatically calculated.
        Warning : Junction at (116.84mm,119.38mm) has been removed. It will be automatically calculated.
        Warning : Junction at (276.86mm,119.38mm) has been removed. It will be automatically calculated.
        Warning : Junction at (162.56mm,124.46mm) has been removed. It will be automatically calculated.
        Warning : Junction at (162.56mm,121.92mm) has been removed. It will be automatically calculated.
        Warning : Junction at (276.86mm,121.92mm) has been removed. It will be automatically calculated.
        Warning : Junction at (322.58mm,134.62mm) has been removed. It will be automatically calculated.
        Warning : Junction at (180.34mm,101.6mm) has been removed. It will be automatically calculated.
        Warning : Junction at (116.84mm,127mm) has been removed. It will be automatically calculated.
        Warning : Junction at (116.84mm,121.92mm) has been removed. It will be automatically calculated.
        Warning : Junction at (162.56mm,127mm) has been removed. It will be automatically calculated.
        Warning : Junction at (193.04mm,195.58mm) has been removed. It will be automatically calculated.
        Warning : Junction at (205.74mm,195.58mm) has been removed. It will be automatically calculated.
        Warning : Junction at (162.56mm,124.46mm) has been removed. It will be automatically calculated.
        Warning : Junction at (276.86mm,132.08mm) has been removed. It will be automatically calculated.
        Warning : Junction at (233.68mm,132.08mm) has been removed. It will be automatically calculated.
        Warning : Junction at (276.86mm,127mm) has been removed. It will be automatically calculated.
        Warning : Junction at (116.84mm,124.46mm) has been removed. It will be automatically calculated.
        Warning : Junction at (218.44mm,195.58mm) has been removed. It will be automatically calculated.
        Warning : Junction at (162.56mm,137.16mm) has been removed. It will be automatically calculated.
        Warning : Junction at (162.56mm,134.62mm) has been removed. It will be automatically calculated.
        Warning : Junction at (116.84mm,132.08mm) has been removed. It will be automatically calculated.
        Warning : Junction at (322.58mm,124.46mm) has been removed. It will be automatically calculated.
        Warning : Junction at (276.86mm,124.46mm) has been removed. It will be automatically calculated.
        Warning : Junction at (187.96mm,93.98mm) has been removed. It will be automatically calculated.
        Warning : Junction at (116.84mm,134.62mm) has been removed. It will be automatically calculated.
        Warning : Junction at (182.88mm,99.06mm) has been removed. It will be automatically calculated.
        Warning : Junction at (185.42mm,96.52mm) has been removed. It will be automatically calculated.
        Warning : Junction at (276.86mm,134.62mm) has been removed. It will be automatically calculated.
    EndSection

    Section : Importing Sheet - 4) LPC1850_ Others.SchDoc
        Warning : Off-Page Connector of type OUTPUT RIGHT at (60.96mm,248.92mm) is not recognised
        Warning : Off-Page Connector of type I/O RIGHT at (60.96mm,208.28mm) is not recognised
        Warning : Off-Page Connector of type INPUT RIGHT at (60.96mm,200.66mm) is not recognised
        Warning : Off-Page Connector of type OUTPUT RIGHT at (60.96mm,251.46mm) is not recognised
        Warning : Off-Page Connector of type OUTPUT RIGHT at (60.96mm,254mm) is not recognised
        Warning : Off-Page Connector of type I/O RIGHT at (60.96mm,205.74mm) is not recognised
        Warning : Off-Page Connector of type INPUT RIGHT at (60.96mm,198.12mm) is not recognised
        Warning : Off-Page Connector of type I/O RIGHT at (60.96mm,180.34mm) is not recognised
        Warning : Off-Page Connector of type I/O RIGHT at (60.96mm,182.88mm) is not recognised
        Warning : Off-Page Connector of type INPUT RIGHT at (60.96mm,233.68mm) is not recognised
        Warning : Off-Page Connector of type INPUT RIGHT at (60.96mm,231.14mm) is not recognised
        Warning : Off-Page Connector of type INPUT RIGHT at (60.96mm,228.6mm) is not recognised
        Warning : Off-Page Connector of type INPUT RIGHT at (60.96mm,223.52mm) is not recognised
        Warning : Off-Page Connector of type OUTPUT RIGHT at (60.96mm,226.06mm) is not recognised
        Warning : Off-Page Connector of type INPUT RIGHT at (60.96mm,152.4mm) is not recognised
        Warning : Off-Page Connector of type I/O RIGHT at (60.96mm,165.1mm) is not recognised
        Warning : Off-Page Connector of type I/O RIGHT at (60.96mm,167.64mm) is not recognised
        Warning : Off-Page Connector of type INPUT RIGHT at (60.96mm,139.7mm) is not recognised
        Warning : Off-Page Connector of type INPUT RIGHT at (60.96mm,137.16mm) is not recognised
        Warning : Off-Page Connector of type INPUT RIGHT at (60.96mm,134.62mm) is not recognised
        Warning : Off-Page Connector of type INPUT RIGHT at (60.96mm,132.08mm) is not recognised
        Warning : Off-Page Connector of type OUTPUT RIGHT at (60.96mm,116.84mm) is not recognised
        Warning : Off-Page Connector of type INPUT RIGHT at (60.96mm,114.3mm) is not recognised
        Warning : Off-Page Connector of type INPUT RIGHT at (60.96mm,111.76mm) is not recognised
        Warning : Off-Page Connector of type INPUT RIGHT at (60.96mm,109.22mm) is not recognised
        Warning : Off-Page Connector of type INPUT RIGHT at (60.96mm,106.68mm) is not recognised
        Warning : Off-Page Connector of type INPUT RIGHT at (60.96mm,104.14mm) is not recognised
        Warning : Off-Page Connector of type INPUT RIGHT at (60.96mm,101.6mm) is not recognised
        Warning : Off-Page Connector of type INPUT RIGHT at (60.96mm,99.06mm) is not recognised
        Warning : Off-Page Connector of type INPUT LEFT at (375.92mm,198.12mm) is not recognised
        Warning : Off-Page Connector of type INPUT RIGHT at (60.96mm,236.22mm) is not recognised
        Warning : Off-Page Connector of type OUTPUT RIGHT at (60.96mm,83.82mm) is not recognised
        Warning : Off-Page Connector of type OUTPUT RIGHT at (60.96mm,246.38mm) is not recognised
        Warning : Junction at (254mm,154.94mm) has been added.
        Warning : Junction at (254mm,68.58mm) has been removed. It will be automatically calculated.
        Warning : Junction at (254mm,60.96mm) has been removed. It will be automatically calculated.
        Warning : Junction at (254mm,116.84mm) has been removed. It will be automatically calculated.
        Warning : Junction at (254mm,111.76mm) has been removed. It will be automatically calculated.
        Warning : Junction at (254mm,109.22mm) has been removed. It will be automatically calculated.
        Warning : Junction at (254mm,101.6mm) has been removed. It will be automatically calculated.
        Warning : Junction at (254mm,99.06mm) has been removed. It will be automatically calculated.
        Warning : Junction at (254mm,96.52mm) has been removed. It will be automatically calculated.
        Warning : Junction at (254mm,93.98mm) has been removed. It will be automatically calculated.
        Warning : Junction at (254mm,91.44mm) has been removed. It will be automatically calculated.
        Warning : Junction at (254mm,88.9mm) has been removed. It will be automatically calculated.
        Warning : Junction at (254mm,86.36mm) has been removed. It will be automatically calculated.
        Warning : Junction at (254mm,83.82mm) has been removed. It will be automatically calculated.
        Warning : Junction at (254mm,81.28mm) has been removed. It will be automatically calculated.
        Warning : Junction at (254mm,78.74mm) has been removed. It will be automatically calculated.
        Warning : Junction at (254mm,76.2mm) has been removed. It will be automatically calculated.
        Warning : Junction at (254mm,73.66mm) has been removed. It will be automatically calculated.
        Warning : Junction at (254mm,71.12mm) has been removed. It will be automatically calculated.
        Warning : Junction at (254mm,68.58mm) has been removed. It will be automatically calculated.
        Warning : Junction at (254mm,137.16mm) has been removed. It will be automatically calculated.
        Warning : Junction at (254mm,134.62mm) has been removed. It will be automatically calculated.
        Warning : Junction at (254mm,220.98mm) has been removed. It will be automatically calculated.
        Warning : Junction at (76.2mm,167.64mm) has been removed. It will be automatically calculated.
        Warning : Junction at (73.66mm,165.1mm) has been removed. It will be automatically calculated.
        Warning : Junction at (254mm,114.3mm) has been removed. It will be automatically calculated.
        Warning : Junction at (106.68mm,38.1mm) has been removed. It will be automatically calculated.
        Warning : Junction at (81.28mm,43.18mm) has been removed. It will be automatically calculated.
        Warning : Junction at (93.98mm,30.48mm) has been removed. It will be automatically calculated.
        Warning : Junction at (58.42mm,55.88mm) has been removed. It will be automatically calculated.
        Warning : Junction at (33.02mm,55.88mm) has been removed. It will be automatically calculated.
        Warning : Junction at (307.34mm,200.66mm) has been removed. It will be automatically calculated.
        Warning : Junction at (294.64mm,200.66mm) has been removed. It will be automatically calculated.
        Warning : Junction at (332.74mm,154.94mm) has been removed. It will be automatically calculated.
        Warning : Junction at (254mm,139.7mm) has been removed. It will be automatically calculated.
        Warning : Junction at (307.34mm,129.54mm) has been removed. It will be automatically calculated.
        Warning : Junction at (294.64mm,177.8mm) has been removed. It will be automatically calculated.
        Warning : Junction at (294.64mm,226.06mm) has been removed. It will be automatically calculated.
        Warning : Junction at (307.34mm,226.06mm) has been removed. It will be automatically calculated.
        Warning : Junction at (294.64mm,248.92mm) has been removed. It will be automatically calculated.
        Warning : Junction at (307.34mm,248.92mm) has been removed. It will be automatically calculated.
        Warning : Junction at (320.04mm,271.78mm) has been removed. It will be automatically calculated.
        Warning : Junction at (294.64mm,271.78mm) has been removed. It will be automatically calculated.
        Warning : Junction at (307.34mm,271.78mm) has been removed. It will be automatically calculated.
        Warning : Junction at (358.14mm,203.2mm) has been removed. It will be automatically calculated.
        Warning : Junction at (254mm,160.02mm) has been removed. It will be automatically calculated.
        Warning : Junction at (254mm,157.48mm) has been removed. It will be automatically calculated.
        Warning : Junction at (254mm,129.54mm) has been removed. It will be automatically calculated.
        Warning : Junction at (358.14mm,154.94mm) has been removed. It will be automatically calculated.
        Warning : Junction at (294.64mm,129.54mm) has been removed. It will be automatically calculated.
        Warning : Junction at (254mm,170.18mm) has been removed. It will be automatically calculated.
        Warning : Junction at (358.14mm,177.8mm) has been removed. It will be automatically calculated.
        Warning : Junction at (254mm,160.02mm) has been removed. It will be automatically calculated.
        Warning : Junction at (294.64mm,154.94mm) has been removed. It will be automatically calculated.
        Warning : Junction at (307.34mm,154.94mm) has been removed. It will be automatically calculated.
        Warning : Junction at (254mm,152.4mm) has been removed. It will be automatically calculated.
        Warning : Junction at (254mm,149.86mm) has been removed. It will be automatically calculated.
        Warning : Junction at (254mm,142.24mm) has been removed. It will be automatically calculated.
        Warning : Junction at (320.04mm,129.54mm) has been removed. It will be automatically calculated.
        Warning : Junction at (254mm,175.26mm) has been removed. It will be automatically calculated.
        Warning : Junction at (332.74mm,129.54mm) has been removed. It will be automatically calculated.
        Warning : Junction at (254mm,132.08mm) has been removed. It will be automatically calculated.
        Warning : Junction at (254mm,172.72mm) has been removed. It will be automatically calculated.
        Warning : Junction at (254mm,144.78mm) has been removed. It will be automatically calculated.
        Warning : Junction at (345.44mm,154.94mm) has been removed. It will be automatically calculated.
        Warning : Junction at (254mm,147.32mm) has been removed. It will be automatically calculated.
        Warning : Junction at (358.14mm,248.92mm) has been removed. It will be automatically calculated.
        Warning : Junction at (320.04mm,154.94mm) has been removed. It will be automatically calculated.
        Warning : Junction at (345.44mm,129.54mm) has been removed. It will be automatically calculated.
        Warning : Junction at (358.14mm,154.94mm) has been removed. It will be automatically calculated.
        Warning : Junction at (358.14mm,129.54mm) has been removed. It will be automatically calculated.
        Warning : Junction at (358.14mm,226.06mm) has been removed. It will be automatically calculated.
        Warning : Junction at (104.14mm,172.72mm) has been removed. It will be automatically calculated.
    EndSection

    Section : Importing Sheet - 3) LPC1850_ PB-PF.SchDoc
        Warning : Off-Page Connector of type OUTPUT RIGHT at (114.3mm,93.98mm) is not recognised
        Warning : Off-Page Connector of type I/O RIGHT at (114.3mm,172.72mm) is not recognised
        Warning : Off-Page Connector of type I/O RIGHT at (114.3mm,165.1mm) is not recognised
        Warning : Off-Page Connector of type I/O RIGHT at (114.3mm,106.68mm) is not recognised
        Warning : Off-Page Connector of type OUTPUT RIGHT at (114.3mm,246.38mm) is not recognised
        Warning : Off-Page Connector of type OUTPUT RIGHT at (114.3mm,243.84mm) is not recognised
        Warning : Off-Page Connector of type OUTPUT RIGHT at (114.3mm,220.98mm) is not recognised
        Warning : Off-Page Connector of type I/O RIGHT at (114.3mm,99.06mm) is not recognised
        Warning : Off-Page Connector of type OUTPUT RIGHT at (114.3mm,116.84mm) is not recognised
        Warning : Off-Page Connector of type I/O RIGHT at (114.3mm,66.04mm) is not recognised
        Warning : Off-Page Connector of type I/O RIGHT at (114.3mm,109.22mm) is not recognised
        Warning : Off-Page Connector of type INPUT RIGHT at (114.3mm,63.5mm) is not recognised
        Warning : Off-Page Connector of type I/O RIGHT at (114.3mm,162.56mm) is not recognised
        Warning : Off-Page Connector of type I/O RIGHT at (114.3mm,101.6mm) is not recognised
        Warning : Off-Page Connector of type OUTPUT RIGHT at (114.3mm,238.76mm) is not recognised
        Warning : Off-Page Connector of type OUTPUT RIGHT at (114.3mm,177.8mm) is not recognised
        Warning : Off-Page Connector of type I/O RIGHT at (114.3mm,104.14mm) is not recognised
        Warning : Off-Page Connector of type I/O RIGHT at (114.3mm,96.52mm) is not recognised
        Warning : Off-Page Connector of type I/O RIGHT at (114.3mm,170.18mm) is not recognised
        Warning : Off-Page Connector of type I/O RIGHT at (114.3mm,210.82mm) is not recognised
        Warning : Off-Page Connector of type I/O RIGHT at (114.3mm,160.02mm) is not recognised
        Warning : Off-Page Connector of type I/O RIGHT at (114.3mm,111.76mm) is not recognised
        Warning : Off-Page Connector of type OUTPUT RIGHT at (114.3mm,137.16mm) is not recognised
        Warning : Off-Page Connector of type I/O RIGHT at (114.3mm,198.12mm) is not recognised
        Warning : Off-Page Connector of type I/O RIGHT at (114.3mm,167.64mm) is not recognised
        Warning : Off-Page Connector of type I/O RIGHT at (114.3mm,213.36mm) is not recognised
        Warning : Off-Page Connector of type OUTPUT RIGHT at (114.3mm,248.92mm) is not recognised
        Warning : Off-Page Connector of type OUTPUT RIGHT at (114.3mm,121.92mm) is not recognised
        Warning : Off-Page Connector of type OUTPUT RIGHT at (114.3mm,233.68mm) is not recognised
        Warning : Off-Page Connector of type OUTPUT RIGHT at (114.3mm,236.22mm) is not recognised
        Warning : Off-Page Connector of type I/O RIGHT at (114.3mm,157.48mm) is not recognised
        Warning : Off-Page Connector of type OUTPUT RIGHT at (114.3mm,241.3mm) is not recognised
        Warning : Off-Page Connector of type OUTPUT RIGHT at (114.3mm,139.7mm) is not recognised
        Warning : Off-Page Connector of type INPUT RIGHT at (114.3mm,203.2mm) is not recognised
        Warning : Off-Page Connector of type INPUT RIGHT at (114.3mm,200.66mm) is not recognised
        Warning : Off-Page Connector of type I/O RIGHT at (114.3mm,114.3mm) is not recognised
        Warning : Off-Page Connector of type I/O RIGHT at (114.3mm,154.94mm) is not recognised
        Warning : Off-Page Connector of type OUTPUT RIGHT at (114.3mm,223.52mm) is not recognised
        Warning : Off-Page Connector of type OUTPUT RIGHT at (114.3mm,119.38mm) is not recognised
        Warning : Off-Page Connector of type I/O RIGHT at (114.3mm,208.28mm) is not recognised
        Warning : Off-Page Connector of type OUTPUT RIGHT at (114.3mm,60.96mm) is not recognised
        Warning : Off-Page Connector of type I/O RIGHT at (114.3mm,205.74mm) is not recognised
        Warning : Off-Page Connector of type OUTPUT RIGHT at (114.3mm,68.58mm) is not recognised
        Warning : Off-Page Connector of type OUTPUT RIGHT at (114.3mm,190.5mm) is not recognised
        Warning : Off-Page Connector of type OUTPUT RIGHT at (114.3mm,193.04mm) is not recognised
        Warning : Off-Page Connector of type INPUT RIGHT at (114.3mm,187.96mm) is not recognised
        Warning : Off-Page Connector of type INPUT RIGHT at (114.3mm,71.12mm) is not recognised
        Warning : Off-Page Connector of type INPUT RIGHT at (114.3mm,73.66mm) is not recognised
        Warning : Off-Page Connector of type OUTPUT RIGHT at (114.3mm,175.26mm) is not recognised
        Warning : Off-Page Connector of type OUTPUT RIGHT at (114.3mm,142.24mm) is not recognised
        Warning : Off-Page Connector of type OUTPUT RIGHT at (114.3mm,91.44mm) is not recognised
        Warning : Off-Page Connector of type OUTPUT RIGHT at (114.3mm,88.9mm) is not recognised
        Warning : Off-Page Connector of type INPUT RIGHT at (114.3mm,218.44mm) is not recognised
        Warning : Off-Page Connector of type INPUT RIGHT at (114.3mm,215.9mm) is not recognised
        Warning : Off-Page Connector of type INPUT RIGHT at (114.3mm,195.58mm) is not recognised
        Warning : Off-Page Connector of type I/O RIGHT at (114.3mm,78.74mm) is not recognised
        Warning : Off-Page Connector of type I/O RIGHT at (114.3mm,76.2mm) is not recognised
        Warning : Off-Page Connector of type I/O RIGHT at (114.3mm,55.88mm) is not recognised
        Warning : Off-Page Connector of type INPUT RIGHT at (114.3mm,58.42mm) is not recognised
        Warning : Off-Page Connector of type OUTPUT RIGHT at (114.3mm,53.34mm) is not recognised
        Warning : Off-Page Connector of type INPUT RIGHT at (114.3mm,50.8mm) is not recognised
        Warning : Off-Page Connector of type OUTPUT RIGHT at (114.3mm,147.32mm) is not recognised
        Warning : Off-Page Connector of type OUTPUT RIGHT at (114.3mm,149.86mm) is not recognised
        Warning : Off-Page Connector of type OUTPUT RIGHT at (114.3mm,144.78mm) is not recognised
        Warning : Off-Page Connector of type OUTPUT RIGHT at (114.3mm,152.4mm) is not recognised
        Warning : Off-Page Connector of type OUTPUT RIGHT at (114.3mm,127mm) is not recognised
        Warning : Off-Page Connector of type OUTPUT RIGHT at (114.3mm,124.46mm) is not recognised
    EndSection

    Section : Importing Sheet - 2) LPC1850_ P5-PA.SchDoc
        Warning : Off-Page Connector of type INPUT RIGHT at (104.14mm,203.2mm) is not recognised
        Warning : Off-Page Connector of type OUTPUT RIGHT at (104.14mm,198.12mm) is not recognised
        Warning : Off-Page Connector of type I/O RIGHT at (104.14mm,236.22mm) is not recognised
        Warning : Off-Page Connector of type OUTPUT RIGHT at (104.14mm,195.58mm) is not recognised
        Warning : Off-Page Connector of type I/O RIGHT at (104.14mm,233.68mm) is not recognised
        Warning : Off-Page Connector of type I/O RIGHT at (104.14mm,231.14mm) is not recognised
        Warning : Off-Page Connector of type I/O RIGHT at (104.14mm,228.6mm) is not recognised
        Warning : Off-Page Connector of type I/O RIGHT at (104.14mm,226.06mm) is not recognised
        Warning : Off-Page Connector of type I/O RIGHT at (104.14mm,223.52mm) is not recognised
        Warning : Off-Page Connector of type I/O RIGHT at (104.14mm,220.98mm) is not recognised
        Warning : Off-Page Connector of type I/O RIGHT at (104.14mm,218.44mm) is not recognised
        Warning : Off-Page Connector of type OUTPUT RIGHT at (104.14mm,167.64mm) is not recognised
        Warning : Off-Page Connector of type OUTPUT RIGHT at (104.14mm,165.1mm) is not recognised
        Warning : Off-Page Connector of type OUTPUT RIGHT at (104.14mm,162.56mm) is not recognised
        Warning : Off-Page Connector of type OUTPUT RIGHT at (104.14mm,160.02mm) is not recognised
        Warning : Off-Page Connector of type OUTPUT RIGHT at (104.14mm,157.48mm) is not recognised
        Warning : Off-Page Connector of type OUTPUT RIGHT at (104.14mm,154.94mm) is not recognised
        Warning : Off-Page Connector of type OUTPUT RIGHT at (104.14mm,152.4mm) is not recognised
        Warning : Off-Page Connector of type OUTPUT RIGHT at (104.14mm,149.86mm) is not recognised
        Warning : Off-Page Connector of type OUTPUT RIGHT at (104.14mm,124.46mm) is not recognised
        Warning : Off-Page Connector of type OUTPUT RIGHT at (104.14mm,132.08mm) is not recognised
        Warning : Off-Page Connector of type OUTPUT RIGHT at (104.14mm,127mm) is not recognised
        Warning : Off-Page Connector of type OUTPUT RIGHT at (104.14mm,129.54mm) is not recognised
        Warning : Off-Page Connector of type OUTPUT RIGHT at (104.14mm,190.5mm) is not recognised
        Warning : Off-Page Connector of type OUTPUT RIGHT at (104.14mm,187.96mm) is not recognised
        Warning : Off-Page Connector of type OUTPUT RIGHT at (104.14mm,185.42mm) is not recognised
        Warning : Off-Page Connector of type OUTPUT RIGHT at (104.14mm,182.88mm) is not recognised
        Warning : Off-Page Connector of type OUTPUT RIGHT at (104.14mm,180.34mm) is not recognised
        Warning : Off-Page Connector of type OUTPUT RIGHT at (104.14mm,177.8mm) is not recognised
        Warning : Off-Page Connector of type OUTPUT RIGHT at (104.14mm,137.16mm) is not recognised
        Warning : Off-Page Connector of type OUTPUT RIGHT at (104.14mm,134.62mm) is not recognised
        Warning : Off-Page Connector of type INPUT RIGHT at (104.14mm,205.74mm) is not recognised
        Warning : Off-Page Connector of type INPUT RIGHT at (104.14mm,208.28mm) is not recognised
        Warning : Off-Page Connector of type OUTPUT RIGHT at (104.14mm,109.22mm) is not recognised
        Warning : Off-Page Connector of type OUTPUT RIGHT at (104.14mm,106.68mm) is not recognised
        Warning : Off-Page Connector of type OUTPUT RIGHT at (104.14mm,104.14mm) is not recognised
        Warning : Off-Page Connector of type OUTPUT RIGHT at (104.14mm,101.6mm) is not recognised
        Warning : Off-Page Connector of type INPUT RIGHT at (104.14mm,99.06mm) is not recognised
        Warning : Off-Page Connector of type OUTPUT RIGHT at (104.14mm,81.28mm) is not recognised
        Warning : Off-Page Connector of type INPUT RIGHT at (104.14mm,78.74mm) is not recognised
        Warning : Off-Page Connector of type OUTPUT RIGHT at (104.14mm,119.38mm) is not recognised
        Warning : Off-Page Connector of type INPUT RIGHT at (104.14mm,93.98mm) is not recognised
        Warning : Off-Page Connector of type OUTPUT RIGHT at (104.14mm,96.52mm) is not recognised
        Warning : Off-Page Connector of type OUTPUT RIGHT at (104.14mm,200.66mm) is not recognised
        Warning : Off-Page Connector of type INPUT RIGHT at (104.14mm,139.7mm) is not recognised
        Warning : Off-Page Connector of type INPUT RIGHT at (104.14mm,76.2mm) is not recognised
        Warning : Off-Page Connector of type OUTPUT RIGHT at (104.14mm,73.66mm) is not recognised
        Warning : Off-Page Connector of type OUTPUT RIGHT at (104.14mm,193.04mm) is not recognised
        Warning : Off-Page Connector of type OUTPUT RIGHT at (104.14mm,121.92mm) is not recognised
        Warning : Off-Page Connector of type OUTPUT RIGHT at (104.14mm,83.82mm) is not recognised
    EndSection

    Section : Importing Sheet - 1) LPC1850_ P0-P4.SchDoc
        Warning : Off-Page Connector of type OUTPUT RIGHT at (119.38mm,114.3mm) is not recognised
        Warning : Off-Page Connector of type INPUT RIGHT at (119.38mm,106.68mm) is not recognised
        Warning : Off-Page Connector of type INPUT RIGHT at (119.38mm,238.76mm) is not recognised
        Warning : Off-Page Connector of type INPUT RIGHT at (119.38mm,177.8mm) is not recognised
        Warning : Off-Page Connector of type OUTPUT RIGHT at (119.38mm,218.44mm) is not recognised
        Warning : Off-Page Connector of type OUTPUT RIGHT at (119.38mm,213.36mm) is not recognised
        Warning : Off-Page Connector of type OUTPUT RIGHT at (119.38mm,210.82mm) is not recognised
        Warning : Off-Page Connector of type OUTPUT RIGHT at (119.38mm,175.26mm) is not recognised
        Warning : Off-Page Connector of type OUTPUT RIGHT at (119.38mm,180.34mm) is not recognised
        Warning : Off-Page Connector of type I/O RIGHT at (119.38mm,182.88mm) is not recognised
        Warning : Off-Page Connector of type INPUT RIGHT at (119.38mm,187.96mm) is not recognised
        Warning : Off-Page Connector of type I/O RIGHT at (119.38mm,185.42mm) is not recognised
        Warning : Off-Page Connector of type OUTPUT RIGHT at (119.38mm,236.22mm) is not recognised
        Warning : Off-Page Connector of type I/O RIGHT at (119.38mm,111.76mm) is not recognised
        Warning : Off-Page Connector of type I/O RIGHT at (119.38mm,109.22mm) is not recognised
        Warning : Off-Page Connector of type OUTPUT RIGHT at (119.38mm,101.6mm) is not recognised
        Warning : Off-Page Connector of type OUTPUT RIGHT at (119.38mm,104.14mm) is not recognised
        Warning : Off-Page Connector of type OUTPUT RIGHT at (119.38mm,121.92mm) is not recognised
        Warning : Off-Page Connector of type OUTPUT RIGHT at (119.38mm,119.38mm) is not recognised
        Warning : Off-Page Connector of type OUTPUT RIGHT at (119.38mm,116.84mm) is not recognised
        Warning : Off-Page Connector of type OUTPUT RIGHT at (119.38mm,78.74mm) is not recognised
        Warning : Off-Page Connector of type INPUT RIGHT at (119.38mm,91.44mm) is not recognised
        Warning : Off-Page Connector of type OUTPUT RIGHT at (119.38mm,76.2mm) is not recognised
        Warning : Off-Page Connector of type OUTPUT RIGHT at (119.38mm,73.66mm) is not recognised
        Warning : Off-Page Connector of type OUTPUT RIGHT at (119.38mm,88.9mm) is not recognised
        Warning : Off-Page Connector of type OUTPUT RIGHT at (119.38mm,81.28mm) is not recognised
        Warning : Off-Page Connector of type OUTPUT RIGHT at (119.38mm,83.82mm) is not recognised
        Warning : Off-Page Connector of type OUTPUT RIGHT at (119.38mm,86.36mm) is not recognised
        Warning : Off-Page Connector of type OUTPUT RIGHT at (119.38mm,71.12mm) is not recognised
        Warning : Off-Page Connector of type OUTPUT RIGHT at (119.38mm,68.58mm) is not recognised
        Warning : Off-Page Connector of type OUTPUT RIGHT at (119.38mm,66.04mm) is not recognised
        Warning : Off-Page Connector of type OUTPUT RIGHT at (119.38mm,132.08mm) is not recognised
        Warning : Off-Page Connector of type OUTPUT RIGHT at (119.38mm,134.62mm) is not recognised
        Warning : Off-Page Connector of type OUTPUT RIGHT at (119.38mm,137.16mm) is not recognised
        Warning : Off-Page Connector of type OUTPUT RIGHT at (119.38mm,139.7mm) is not recognised
        Warning : Off-Page Connector of type OUTPUT RIGHT at (119.38mm,142.24mm) is not recognised
        Warning : Off-Page Connector of type OUTPUT RIGHT at (119.38mm,144.78mm) is not recognised
        Warning : Off-Page Connector of type OUTPUT RIGHT at (119.38mm,147.32mm) is not recognised
        Warning : Off-Page Connector of type OUTPUT RIGHT at (119.38mm,149.86mm) is not recognised
        Warning : Off-Page Connector of type OUTPUT RIGHT at (119.38mm,162.56mm) is not recognised
        Warning : Off-Page Connector of type OUTPUT RIGHT at (119.38mm,160.02mm) is not recognised
        Warning : Off-Page Connector of type OUTPUT RIGHT at (119.38mm,165.1mm) is not recognised
        Warning : Off-Page Connector of type I/O RIGHT at (119.38mm,208.28mm) is not recognised
        Warning : Off-Page Connector of type I/O RIGHT at (119.38mm,205.74mm) is not recognised
        Warning : Off-Page Connector of type I/O RIGHT at (119.38mm,203.2mm) is not recognised
        Warning : Off-Page Connector of type I/O RIGHT at (119.38mm,200.66mm) is not recognised
        Warning : Off-Page Connector of type I/O RIGHT at (119.38mm,195.58mm) is not recognised
        Warning : Off-Page Connector of type I/O RIGHT at (119.38mm,193.04mm) is not recognised
        Warning : Off-Page Connector of type I/O RIGHT at (119.38mm,190.5mm) is not recognised
        Warning : Off-Page Connector of type I/O RIGHT at (119.38mm,198.12mm) is not recognised
        Warning : Off-Page Connector of type OUTPUT RIGHT at (119.38mm,223.52mm) is not recognised
        Warning : Off-Page Connector of type OUTPUT RIGHT at (119.38mm,220.98mm) is not recognised
        Warning : Off-Page Connector of type OUTPUT RIGHT at (119.38mm,226.06mm) is not recognised
        Warning : Off-Page Connector of type INPUT RIGHT at (119.38mm,154.94mm) is not recognised
        Warning : Off-Page Connector of type INPUT RIGHT at (119.38mm,152.4mm) is not recognised
        Warning : Off-Page Connector of type OUTPUT RIGHT at (119.38mm,157.48mm) is not recognised
        Warning : Off-Page Connector of type OUTPUT RIGHT at (119.38mm,215.9mm) is not recognised
    EndSection
EndSection
